<?xml version="1.0" encoding="UTF-8"?>
<!-- Generated by org.testng.reporters.JUnitXMLReporter -->
<testsuite ignored="0" hostname="DESKTOP-FNNCM0Q" failures="1" tests="8" name="guru99BankingApplication Test" time="55.708" errors="0" timestamp="2022-05-03T11:43:05 IST">
  <testcase classname="com.guru99.qa.pagesTest.LoginPageTest" name="TC_001" time="0.016"/>
  <testcase classname="com.guru99.qa.pagesTest.LoginPageTest" name="TC_002" time="3.131"/>
  <testcase classname="com.guru99.qa.pagesTest.LoginPageTest_DDT" name="loginPageDDT" time="3.8"/>
  <testcase classname="com.guru99.qa.pagesTest.LoginPageTest_DDT" name="loginPageDDT" time="4.461"/>
  <testcase classname="com.guru99.qa.pagesTest.LoginPageTest_DDT" name="loginPageDDT" time="4.392"/>
  <testcase classname="com.guru99.qa.pagesTest.LoginPageTest_DDT" name="loginPageDDT" time="4.331"/>
  <testcase classname="com.guru99.qa.pagesTest.NewCustomerTest" name="TC_003" time="8.804">
    <failure type="org.openqa.selenium.UnhandledAlertException" message="unexpected alert open: {Alert text : Email Address Already Exist !!}
  (Session info: chrome=100.0.4896.127): Email Address Already Exist !!
Build info: version: &amp;apos;3.141.5&amp;apos;, revision: &amp;apos;d54ebd709a&amp;apos;, time: &amp;apos;2018-11-06T11:42:16&amp;apos;
System info: host: &amp;apos;DESKTOP-FNNCM0Q&amp;apos;, ip: &amp;apos;192.168.1.101&amp;apos;, os.name: &amp;apos;Windows 10&amp;apos;, os.arch: &amp;apos;amd64&amp;apos;, os.version: &amp;apos;10.0&amp;apos;, java.version: &amp;apos;17.0.2&amp;apos;
Driver info: org.openqa.selenium.chrome.ChromeDriver
Capabilities {acceptInsecureCerts: false, browserName: chrome, browserVersion: 100.0.4896.127, chrome: {chromedriverVersion: 100.0.4896.60 (6a5d10861ce8..., userDataDir: C:\Users\ankur\AppData\Loca...}, goog:chromeOptions: {debuggerAddress: localhost:49991}, javascriptEnabled: true, networkConnectionEnabled: false, pageLoadStrategy: normal, platform: WINDOWS, platformName: WINDOWS, proxy: Proxy(), setWindowRect: true, strictFileInteractability: false, timeouts: {implicit: 0, pageLoad: 300000, script: 30000}, unhandledPromptBehavior: dismiss and notify, webauthn:extension:credBlob: true, webauthn:extension:largeBlob: true, webauthn:virtualAuthenticators: true}
Session ID: 4fc957a5419ec15eeac1cb14e746b2de">
      <![CDATA[org.openqa.selenium.UnhandledAlertException: unexpected alert open: {Alert text : Email Address Already Exist !!}
  (Session info: chrome=100.0.4896.127): Email Address Already Exist !!
Build info: version: '3.141.5', revision: 'd54ebd709a', time: '2018-11-06T11:42:16'
System info: host: 'DESKTOP-FNNCM0Q', ip: '192.168.1.101', os.name: 'Windows 10', os.arch: 'amd64', os.version: '10.0', java.version: '17.0.2'
Driver info: org.openqa.selenium.chrome.ChromeDriver
Capabilities {acceptInsecureCerts: false, browserName: chrome, browserVersion: 100.0.4896.127, chrome: {chromedriverVersion: 100.0.4896.60 (6a5d10861ce8..., userDataDir: C:\Users\ankur\AppData\Loca...}, goog:chromeOptions: {debuggerAddress: localhost:49991}, javascriptEnabled: true, networkConnectionEnabled: false, pageLoadStrategy: normal, platform: WINDOWS, platformName: WINDOWS, proxy: Proxy(), setWindowRect: true, strictFileInteractability: false, timeouts: {implicit: 0, pageLoad: 300000, script: 30000}, unhandledPromptBehavior: dismiss and notify, webauthn:extension:credBlob: true, webauthn:extension:largeBlob: true, webauthn:virtualAuthenticators: true}
Session ID: 4fc957a5419ec15eeac1cb14e746b2de
at org.openqa.selenium.remote.http.W3CHttpResponseCodec.decode(W3CHttpResponseCodec.java:120)
at org.openqa.selenium.remote.http.W3CHttpResponseCodec.decode(W3CHttpResponseCodec.java:49)
at org.openqa.selenium.remote.HttpCommandExecutor.execute(HttpCommandExecutor.java:158)
at org.openqa.selenium.remote.service.DriverCommandExecutor.execute(DriverCommandExecutor.java:83)
at org.openqa.selenium.remote.RemoteWebDriver.execute(RemoteWebDriver.java:552)
at org.openqa.selenium.remote.RemoteWebDriver.execute(RemoteWebDriver.java:609)
at org.openqa.selenium.remote.RemoteWebDriver.getPageSource(RemoteWebDriver.java:438)
at com.guru99.qa.pagesTest.NewCustomerTest.TC_003(NewCustomerTest.java:52)
at java.base/java.util.ArrayList.forEach(ArrayList.java:1511)
... Removed 27 stack frames]]>
    </failure>
  </testcase> <!-- TC_003 -->
  <testcase classname="com.guru99.qa.pagesTest.NewCustomerTest" name="TC_004" time="1.459"/>
</testsuite> <!-- guru99BankingApplication Test -->
